warning: acpi-1.7-3 is up to date -- reinstalling
resolving dependencies...
looking for conflicting packages...

Packages (1) acpi-1.7-3

Total Installed Size:  0.03 MiB
Net Upgrade Size:      0.00 MiB

:: Proceed with installation? [Y/n] 
checking keyring...
checking package integrity...
loading package files...
checking for file conflicts...
checking available disk space...
:: Processing package changes...
reinstalling acpi...
:: Running post-transaction hooks...
(1/1) Arming ConditionNeedsUpdate...
warning: dbus-python-1.3.2-2 is up to date -- reinstalling
resolving dependencies...
looking for conflicting packages...

Packages (1) dbus-python-1.3.2-2

Total Installed Size:  0.63 MiB
Net Upgrade Size:      0.00 MiB

:: Proceed with installation? [Y/n] 
checking keyring...
checking package integrity...
loading package files...
checking for file conflicts...
checking available disk space...
:: Processing package changes...
reinstalling dbus-python...
:: Running post-transaction hooks...
(1/1) Arming ConditionNeedsUpdate...
warning: maim-5.7.4-7 is up to date -- reinstalling
resolving dependencies...
looking for conflicting packages...

Packages (1) maim-5.7.4-7

Total Installed Size:  0.26 MiB
Net Upgrade Size:      0.00 MiB

:: Proceed with installation? [Y/n] 
checking keyring...
checking package integrity...
loading package files...
checking for file conflicts...
checking available disk space...
:: Processing package changes...
reinstalling maim...
:: Running post-transaction hooks...
(1/1) Arming ConditionNeedsUpdate...
warning: xclip-0.13-4 is up to date -- reinstalling
resolving dependencies...
looking for conflicting packages...

Packages (1) xclip-0.13-4

Total Installed Size:  0.03 MiB
Net Upgrade Size:      0.00 MiB

:: Proceed with installation? [Y/n] 
checking keyring...
checking package integrity...
loading package files...
checking for file conflicts...
checking available disk space...
:: Processing package changes...
reinstalling xclip...
:: Running post-transaction hooks...
(1/1) Arming ConditionNeedsUpdate...
warning: brightnessctl-0.5.1-2 is up to date -- reinstalling
resolving dependencies...
looking for conflicting packages...

Packages (1) brightnessctl-0.5.1-2

Total Installed Size:  0.03 MiB
Net Upgrade Size:      0.00 MiB

:: Proceed with installation? [Y/n] 
checking keyring...
checking package integrity...
loading package files...
checking for file conflicts...
checking available disk space...
:: Processing package changes...
reinstalling brightnessctl...
:: Running post-transaction hooks...
(1/1) Arming ConditionNeedsUpdate...
warning: pulseaudio-17.0-3 is up to date -- reinstalling
resolving dependencies...
looking for conflicting packages...

Packages (1) pulseaudio-17.0-3

Total Installed Size:  6.02 MiB
Net Upgrade Size:      0.00 MiB

:: Proceed with installation? [Y/n] 
checking keyring...
checking package integrity...
loading package files...
checking for file conflicts...
checking available disk space...
:: Processing package changes...
reinstalling pulseaudio...
:: Running post-transaction hooks...
(1/5) Reloading user manager configuration...
(2/5) Reloading device manager configuration...
(3/5) Arming ConditionNeedsUpdate...
(4/5) Reloading system bus configuration...
(5/5) Compiling GSettings XML schema files...
warning: pavucontrol-1:5.0+r64+geba9ca6-1 is up to date -- reinstalling
resolving dependencies...
looking for conflicting packages...

Packages (1) pavucontrol-1:5.0+r64+geba9ca6-1

Total Installed Size:  1.01 MiB
Net Upgrade Size:      0.00 MiB

:: Proceed with installation? [Y/n] 
checking keyring...
checking package integrity...
loading package files...
checking for file conflicts...
checking available disk space...
:: Processing package changes...
reinstalling pavucontrol...
:: Running post-transaction hooks...
(1/2) Arming ConditionNeedsUpdate...
(2/2) Updating the desktop file MIME type cache...
warning: networkmanager-1.46.0-2 is up to date -- reinstalling
resolving dependencies...
looking for conflicting packages...

Packages (1) networkmanager-1.46.0-2

Total Installed Size:  15.10 MiB
Net Upgrade Size:       0.00 MiB

:: Proceed with installation? [Y/n] 
checking keyring...
checking package integrity...
loading package files...
checking for file conflicts...
checking available disk space...
:: Processing package changes...
reinstalling networkmanager...
:: Running post-transaction hooks...
(1/4) Reloading system manager configuration...
(2/4) Reloading device manager configuration...
(3/4) Arming ConditionNeedsUpdate...
(4/4) Reloading system bus configuration...
warning: network-manager-applet-1.36.0-1 is up to date -- reinstalling
resolving dependencies...
looking for conflicting packages...

Packages (1) network-manager-applet-1.36.0-1

Total Installed Size:  0.60 MiB
Net Upgrade Size:      0.00 MiB

:: Proceed with installation? [Y/n] 
checking keyring...
checking package integrity...
loading package files...
checking for file conflicts...
checking available disk space...
:: Processing package changes...
reinstalling network-manager-applet...
:: Running post-transaction hooks...
(1/4) Arming ConditionNeedsUpdate...
(2/4) Compiling GSettings XML schema files...
(3/4) Updating icon theme caches...
(4/4) Updating the desktop file MIME type cache...
warning: alsa-utils-1.2.11-1 is up to date -- reinstalling
resolving dependencies...
looking for conflicting packages...

Packages (1) alsa-utils-1.2.11-1

Total Installed Size:  2.37 MiB
Net Upgrade Size:      0.00 MiB

:: Proceed with installation? [Y/n] 
checking keyring...
checking package integrity...
loading package files...
checking for file conflicts...
checking available disk space...
:: Processing package changes...
reinstalling alsa-utils...
:: Running post-transaction hooks...
(1/4) Reloading system manager configuration...
(2/4) Creating temporary files...
(3/4) Reloading device manager configuration...
(4/4) Arming ConditionNeedsUpdate...
resolving dependencies...
looking for conflicting packages...

Packages (1) bluez-utils-5.73-4

Total Download Size:    0.88 MiB
Total Installed Size:   3.28 MiB
Net Upgrade Size:      -0.18 MiB

:: Proceed with installation? [Y/n] 
:: Retrieving packages...
 bluez-utils-5.73-4-x86_64 downloading...
error: failed retrieving file 'bluez-utils-5.73-4-x86_64.pkg.tar.zst' from arch.mirror.constant.com : Resolving timed out after 10001 milliseconds
error: failed retrieving file 'bluez-utils-5.73-4-x86_64.pkg.tar.zst' from mirror.moson.org : Resolving timed out after 10000 milliseconds
error: failed retrieving file 'bluez-utils-5.73-4-x86_64.pkg.tar.zst' from mirror.telepoint.bg : Resolving timed out after 10000 milliseconds
error: failed retrieving file 'bluez-utils-5.73-4-x86_64.pkg.tar.zst' from archlinux.mailtunnel.eu : Resolving timed out after 10001 milliseconds
error: failed retrieving file 'bluez-utils-5.73-4-x86_64.pkg.tar.zst' from mirror.f4st.host : Could not resolve host: mirror.f4st.host
warning: too many errors from mirror.f4st.host, skipping for the remainder of this transaction
error: failed retrieving file 'bluez-utils-5.73-4-x86_64.pkg.tar.zst' from mirror.cyberbits.eu : Could not resolve host: mirror.cyberbits.eu
warning: too many errors from mirror.cyberbits.eu, skipping for the remainder of this transaction
error: failed retrieving file 'bluez-utils-5.73-4-x86_64.pkg.tar.zst' from archmirror.it : Could not resolve host: archmirror.it
warning: too many errors from archmirror.it, skipping for the remainder of this transaction
error: failed retrieving file 'bluez-utils-5.73-4-x86_64.pkg.tar.zst' from md.mirrors.hacktegic.com : Could not resolve host: md.mirrors.hacktegic.com
warning: too many errors from md.mirrors.hacktegic.com, skipping for the remainder of this transaction
error: failed retrieving file 'bluez-utils-5.73-4-x86_64.pkg.tar.zst' from mirror.sunred.org : Could not resolve host: mirror.sunred.org
warning: too many errors from mirror.sunred.org, skipping for the remainder of this transaction
error: failed retrieving file 'bluez-utils-5.73-4-x86_64.pkg.tar.zst' from archlinux.thaller.ws : Could not resolve host: archlinux.thaller.ws
warning: too many errors from archlinux.thaller.ws, skipping for the remainder of this transaction
error: failed retrieving file 'bluez-utils-5.73-4-x86_64.pkg.tar.zst' from archlinux.uk.mirror.allworldit.com : Could not resolve host: archlinux.uk.mirror.allworldit.com
warning: too many errors from archlinux.uk.mirror.allworldit.com, skipping for the remainder of this transaction
error: failed retrieving file 'bluez-utils-5.73-4-x86_64.pkg.tar.zst' from mirror.theash.xyz : Could not resolve host: mirror.theash.xyz
warning: too many errors from mirror.theash.xyz, skipping for the remainder of this transaction
error: failed retrieving file 'bluez-utils-5.73-4-x86_64.pkg.tar.zst' from asia.mirror.pkgbuild.com : Could not resolve host: asia.mirror.pkgbuild.com
warning: too many errors from asia.mirror.pkgbuild.com, skipping for the remainder of this transaction
error: failed retrieving file 'bluez-utils-5.73-4-x86_64.pkg.tar.zst' from europe.mirror.pkgbuild.com : Could not resolve host: europe.mirror.pkgbuild.com
warning: too many errors from europe.mirror.pkgbuild.com, skipping for the remainder of this transaction
error: failed retrieving file 'bluez-utils-5.73-4-x86_64.pkg.tar.zst' from sydney.mirror.pkgbuild.com : Could not resolve host: sydney.mirror.pkgbuild.com
warning: too many errors from sydney.mirror.pkgbuild.com, skipping for the remainder of this transaction
error: failed retrieving file 'bluez-utils-5.73-4-x86_64.pkg.tar.zst' from mirror.lty.me : Could not resolve host: mirror.lty.me
warning: too many errors from mirror.lty.me, skipping for the remainder of this transaction
error: failed retrieving file 'bluez-utils-5.73-4-x86_64.pkg.tar.zst' from mirror.osbeck.com : Could not resolve host: mirror.osbeck.com
warning: too many errors from mirror.osbeck.com, skipping for the remainder of this transaction
error: failed retrieving file 'bluez-utils-5.73-4-x86_64.pkg.tar.zst' from ftp.halifax.rwth-aachen.de : Could not resolve host: ftp.halifax.rwth-aachen.de
warning: too many errors from ftp.halifax.rwth-aachen.de, skipping for the remainder of this transaction
error: failed retrieving file 'bluez-utils-5.73-4-x86_64.pkg.tar.zst' from ftp.sh.cvut.cz : Could not resolve host: ftp.sh.cvut.cz
warning: too many errors from ftp.sh.cvut.cz, skipping for the remainder of this transaction
error: failed retrieving file 'bluez-utils-5.73-4-x86_64.pkg.tar.zst' from packages.oth-regensburg.de : Could not resolve host: packages.oth-regensburg.de
warning: too many errors from packages.oth-regensburg.de, skipping for the remainder of this transaction
warning: failed to retrieve some files
error: failed to commit transaction (invalid url for server)
Errors occurred, no packages were upgraded.
warning: pulseaudio-bluetooth-17.0-3 is up to date -- reinstalling
resolving dependencies...
looking for conflicting packages...

Packages (1) pulseaudio-bluetooth-17.0-3

Total Installed Size:  0.31 MiB
Net Upgrade Size:      0.00 MiB

:: Proceed with installation? [Y/n] 
checking keyring...
checking package integrity...
loading package files...
checking for file conflicts...
checking available disk space...
:: Processing package changes...
reinstalling pulseaudio-bluetooth...
:: Running post-transaction hooks...
(1/1) Arming ConditionNeedsUpdate...
warning: pulseaudio-alsa-1:1.2.7.1-2 is up to date -- reinstalling
resolving dependencies...
looking for conflicting packages...

Packages (1) pulseaudio-alsa-1:1.2.7.1-2


:: Proceed with installation? [Y/n] 
checking keyring...
checking package integrity...
loading package files...
checking for file conflicts...
checking available disk space...
:: Processing package changes...
reinstalling pulseaudio-alsa...
error: target not found: amixer
warning: xdotool-3.20211022.1-1 is up to date -- reinstalling
resolving dependencies...
looking for conflicting packages...

Packages (1) xdotool-3.20211022.1-1

Total Installed Size:  0.18 MiB
Net Upgrade Size:      0.00 MiB

:: Proceed with installation? [Y/n] 
checking keyring...
checking package integrity...
loading package files...
checking for file conflicts...
checking available disk space...
:: Processing package changes...
reinstalling xdotool...
:: Running post-transaction hooks...
(1/1) Arming ConditionNeedsUpdate...
warning: acpi-1.7-3 is up to date -- reinstalling
resolving dependencies...
looking for conflicting packages...

Packages (1) acpi-1.7-3

Total Download Size:   0.01 MiB
Total Installed Size:  0.03 MiB
Net Upgrade Size:      0.00 MiB

:: Proceed with installation? [Y/n] 
:: Retrieving packages...
 acpi-1.7-3-x86_64 downloading...
checking keyring...
checking package integrity...
loading package files...
checking for file conflicts...
checking available disk space...
:: Processing package changes...
reinstalling acpi...
:: Running post-transaction hooks...
(1/1) Arming ConditionNeedsUpdate...
warning: python-dbus-1.3.2-4 is up to date -- reinstalling
resolving dependencies...
looking for conflicting packages...

Packages (1) python-dbus-1.3.2-4

Total Download Size:   0.11 MiB
Total Installed Size:  0.60 MiB
Net Upgrade Size:      0.00 MiB

:: Proceed with installation? [Y/n] 
:: Retrieving packages...
 python-dbus-1.3.2-4-x86_64 downloading...
checking keyring...
checking package integrity...
loading package files...
checking for file conflicts...
checking available disk space...
:: Processing package changes...
reinstalling python-dbus...
:: Running post-transaction hooks...
(1/1) Arming ConditionNeedsUpdate...
resolving dependencies...
looking for conflicting packages...

Packages (3) glew-2.2.0-6  slop-7.6-5  maim-5.8.0-2

Total Download Size:   0.46 MiB
Total Installed Size:  4.18 MiB

:: Proceed with installation? [Y/n] 
:: Retrieving packages...
 glew-2.2.0-6-x86_64 downloading...
error: failed retrieving file 'glew-2.2.0-6-x86_64.pkg.tar.zst' from arch.mirror.constant.com : Failed to connect to arch.mirror.constant.com port 443 after 10002 ms: Timeout was reached
checking keyring...
checking package integrity...
loading package files...
checking for file conflicts...
checking available disk space...
:: Processing package changes...
installing glew...
Optional dependencies for glew
    libx11: for glxewinfo and visualinfo [installed]
installing slop...
installing maim...
:: Running post-transaction hooks...
(1/1) Arming ConditionNeedsUpdate...
warning: xclip-0.13-5 is up to date -- reinstalling
resolving dependencies...
looking for conflicting packages...

Packages (1) xclip-0.13-5

Total Download Size:   0.01 MiB
Total Installed Size:  0.03 MiB
Net Upgrade Size:      0.00 MiB

:: Proceed with installation? [Y/n] 
:: Retrieving packages...
 xclip-0.13-5-x86_64 downloading...
checking keyring...
checking package integrity...
loading package files...
checking for file conflicts...
checking available disk space...
:: Processing package changes...
reinstalling xclip...
:: Running post-transaction hooks...
(1/1) Arming ConditionNeedsUpdate...
warning: brightnessctl-0.5.1-2 is up to date -- reinstalling
resolving dependencies...
looking for conflicting packages...

Packages (1) brightnessctl-0.5.1-2

Total Download Size:   0.01 MiB
Total Installed Size:  0.03 MiB
Net Upgrade Size:      0.00 MiB

:: Proceed with installation? [Y/n] 
:: Retrieving packages...
 brightnessctl-0.5.1-2-x86_64 downloading...
checking keyring...
checking package integrity...
loading package files...
checking for file conflicts...
checking available disk space...
:: Processing package changes...
reinstalling brightnessctl...
:: Running post-transaction hooks...
(1/1) Arming ConditionNeedsUpdate...
warning: pulseaudio-17.0-3 is up to date -- reinstalling
resolving dependencies...
looking for conflicting packages...

Packages (1) pulseaudio-17.0-3

Total Download Size:   1.19 MiB
Total Installed Size:  6.02 MiB
Net Upgrade Size:      0.00 MiB

:: Proceed with installation? [Y/n] 
:: Retrieving packages...
 pulseaudio-17.0-3-x86_64 downloading...
checking keyring...
checking package integrity...
loading package files...
checking for file conflicts...
checking available disk space...
:: Processing package changes...
reinstalling pulseaudio...
:: Running post-transaction hooks...
(1/5) Reloading user manager configuration...
(2/5) Reloading device manager configuration...
(3/5) Arming ConditionNeedsUpdate...
(4/5) Reloading system bus configuration...
(5/5) Compiling GSettings XML schema files...
resolving dependencies...
looking for conflicting packages...

Packages (1) pavucontrol-1:6.0-1

Total Installed Size:  0.81 MiB

:: Proceed with installation? [Y/n] 
checking keyring...
checking package integrity...
loading package files...
checking for file conflicts...
checking available disk space...
:: Processing package changes...
installing pavucontrol...
Optional dependencies for pavucontrol
    pulseaudio: Audio backend [installed]
:: Running post-transaction hooks...
(1/2) Arming ConditionNeedsUpdate...
(2/2) Updating the desktop file MIME type cache...
warning: networkmanager-1.48.2-1 is up to date -- reinstalling
resolving dependencies...
looking for conflicting packages...

Packages (1) networkmanager-1.48.2-1

Total Installed Size:  15.13 MiB
Net Upgrade Size:       0.00 MiB

:: Proceed with installation? [Y/n] 
checking keyring...
checking package integrity...
loading package files...
checking for file conflicts...
checking available disk space...
:: Processing package changes...
reinstalling networkmanager...
:: Running post-transaction hooks...
(1/4) Reloading system manager configuration...
(2/4) Reloading device manager configuration...
(3/4) Arming ConditionNeedsUpdate...
(4/4) Reloading system bus configuration...
warning: network-manager-applet-1.36.0-1 is up to date -- reinstalling
resolving dependencies...
looking for conflicting packages...

Packages (1) network-manager-applet-1.36.0-1

Total Installed Size:  0.60 MiB
Net Upgrade Size:      0.00 MiB

:: Proceed with installation? [Y/n] 
checking keyring...
checking package integrity...
loading package files...
checking for file conflicts...
checking available disk space...
:: Processing package changes...
reinstalling network-manager-applet...
:: Running post-transaction hooks...
(1/4) Arming ConditionNeedsUpdate...
(2/4) Compiling GSettings XML schema files...
(3/4) Updating icon theme caches...
(4/4) Updating the desktop file MIME type cache...
warning: alsa-utils-1.2.12-1 is up to date -- reinstalling
resolving dependencies...
looking for conflicting packages...

Packages (1) alsa-utils-1.2.12-1

Total Installed Size:  2.37 MiB
Net Upgrade Size:      0.00 MiB

:: Proceed with installation? [Y/n] 
checking keyring...
checking package integrity...
loading package files...
checking for file conflicts...
checking available disk space...
:: Processing package changes...
reinstalling alsa-utils...
:: Running post-transaction hooks...
(1/4) Reloading system manager configuration...
(2/4) Creating temporary files...
(3/4) Reloading device manager configuration...
(4/4) Arming ConditionNeedsUpdate...
warning: bluez-utils-5.76-1 is up to date -- reinstalling
resolving dependencies...
looking for conflicting packages...

Packages (1) bluez-utils-5.76-1

Total Installed Size:  3.29 MiB
Net Upgrade Size:      0.00 MiB

:: Proceed with installation? [Y/n] 
checking keyring...
checking package integrity...
loading package files...
checking for file conflicts...
checking available disk space...
:: Processing package changes...
reinstalling bluez-utils...
:: Running post-transaction hooks...
(1/1) Arming ConditionNeedsUpdate...
resolving dependencies...
looking for conflicting packages...

Packages (1) pulseaudio-bluetooth-17.0-3

Total Download Size:   0.10 MiB
Total Installed Size:  0.31 MiB

:: Proceed with installation? [Y/n] 
:: Retrieving packages...
 pulseaudio-bluetooth-17.0-3-x86_64 downloading...
checking keyring...
checking package integrity...
loading package files...
checking for file conflicts...
checking available disk space...
:: Processing package changes...
installing pulseaudio-bluetooth...
Optional dependencies for pulseaudio-bluetooth
    gst-plugins-bad: AptX and LDAC support [installed]
:: Running post-transaction hooks...
(1/1) Arming ConditionNeedsUpdate...
warning: pulseaudio-alsa-1:1.2.12-2 is up to date -- reinstalling
resolving dependencies...
looking for conflicting packages...

Packages (1) pulseaudio-alsa-1:1.2.12-2


:: Proceed with installation? [Y/n] 
checking keyring...
checking package integrity...
loading package files...
checking for file conflicts...
checking available disk space...
:: Processing package changes...
reinstalling pulseaudio-alsa...
error: target not found: amixer
warning: xdotool-3.20211022.1-1 is up to date -- reinstalling
resolving dependencies...
looking for conflicting packages...

Packages (1) xdotool-3.20211022.1-1

Total Download Size:   0.07 MiB
Total Installed Size:  0.18 MiB
Net Upgrade Size:      0.00 MiB

:: Proceed with installation? [Y/n] 
:: Retrieving packages...
 xdotool-3.20211022.1-1-x86_64 downloading...
checking keyring...
checking package integrity...
loading package files...
checking for file conflicts...
checking available disk space...
:: Processing package changes...
reinstalling xdotool...
:: Running post-transaction hooks...
(1/1) Arming ConditionNeedsUpdate...
